Using pre-set license
Built from '2020.3/staging' branch; Version is '2020.3.9f1 (108be757e447) revision 1084391'; Using compiler version '192528614'; Build Type 'Release'
OS: 'Windows 10 Home Single Language; OS build 19043.1348; Version 2009; 64bit' Language: 'ru' Physical Memory: 15741 MB
BatchMode: 1, IsHumanControllingUs: 0, StartBugReporterOnCrash: 0, Is64bit: 1, IsPro: 0

 COMMAND LINE ARGUMENTS:
C:\Program Files\Unity\Hub\Editor\2020.3.9f1\Editor\Unity.exe
-adb2
-batchMode
-noUpm
-name
AssetImportWorker1
-projectPath
D:/Unity/Unity Projects/Weekend/2DManagerLife
-logFile
Logs/AssetImportWorker1.log
-srvPort
56363
Successfully changed project path to: D:/Unity/Unity Projects/Weekend/2DManagerLife
D:/Unity/Unity Projects/Weekend/2DManagerLife
Using Asset Import Pipeline V2.
Refreshing native plugins compatible for Editor in 70.23 ms, found 3 plugins.
Preloading 0 native plugins for Editor in 0.00 ms.
Initialize engine version: 2020.3.9f1 (108be757e447)
[Subsystems] Discovering subsystems at path C:/Program Files/Unity/Hub/Editor/2020.3.9f1/Editor/Data/Resources/UnitySubsystems
[Subsystems] Discovering subsystems at path D:/Unity/Unity Projects/Weekend/2DManagerLife/Assets
GfxDevice: creating device client; threaded=0
Direct3D:
    Version:  Direct3D 11.0 [level 11.1]
    Renderer: AMD Radeon(TM) Graphics (ID=0x1636)
    Vendor:   
    VRAM:     7870 MB
    Driver:   27.20.11032.1001
Initialize mono
Mono path[0] = 'C:/Program Files/Unity/Hub/Editor/2020.3.9f1/Editor/Data/Managed'
Mono path[1] = 'C:/Program Files/Unity/Hub/Editor/2020.3.9f1/Editor/Data/MonoBleedingEdge/lib/mono/unityjit'
Mono config path = 'C:/Program Files/Unity/Hub/Editor/2020.3.9f1/Editor/Data/MonoBleedingEdge/etc'
Using monoOptions --debugger-agent=transport=dt_socket,embedding=1,server=y,suspend=n,address=127.0.0.1:56828
Begin MonoManager ReloadAssembly
Registering precompiled unity dll's ...
Register platform support module: C:/Program Files/Unity/Hub/Editor/2020.3.9f1/Editor/Data/PlaybackEngines/WebGLSupport/UnityEditor.WebGL.Extensions.dll
Register platform support module: C:/Program Files/Unity/Hub/Editor/2020.3.9f1/Editor/Data/PlaybackEngines/WindowsStandaloneSupport/UnityEditor.WindowsStandalone.Extensions.dll
Registered in 0.002585 seconds.
Native extension for WindowsStandalone target not found
Native extension for WebGL target not found
Refreshing native plugins compatible for Editor in 71.27 ms, found 3 plugins.
Preloading 0 native plugins for Editor in 0.00 ms.
Mono: successfully reloaded assembly
- Completed reload, in  2.710 seconds
Platform modules already initialized, skipping
Registering precompiled user dll's ...
Registered in 0.002891 seconds.
Begin MonoManager ReloadAssembly
Native extension for WindowsStandalone target not found
Native extension for WebGL target not found
Refreshing native plugins compatible for Editor in 72.22 ms, found 3 plugins.
Preloading 0 native plugins for Editor in 0.00 ms.
Mono: successfully reloaded assembly
- Completed reload, in  1.266 seconds
Platform modules already initialized, skipping
========================================================================
Worker process is ready to serve import requests
Launched and connected shader compiler UnityShaderCompiler.exe after 0.18 seconds
Refreshing native plugins compatible for Editor in 0.77 ms, found 3 plugins.
Preloading 0 native plugins for Editor in 0.00 ms.
Unloading 3490 Unused Serialized files (Serialized files now loaded: 0)
System memory in use before: 151.0 MB.
System memory in use after: 151.2 MB.

Unloading 27 unused Assets to reduce memory usage. Loaded Objects now: 3932.
Total: 3.209100 ms (FindLiveObjects: 0.397400 ms CreateObjectMapping: 0.115400 ms MarkObjects: 2.607600 ms  DeleteObjects: 0.086700 ms)

========================================================================
Received Import Request.
  path: Assets/Mini Games/Programming Game/ProgramEditor.cs
  artifactKey: Guid(835c55a79d163ef49b7d15786c0521b9) Importer(815301076,1909f56bfc062723c751e8b465ee728b)
Start importing Assets/Mini Games/Programming Game/ProgramEditor.cs using Guid(835c55a79d163ef49b7d15786c0521b9) Importer(815301076,1909f56bfc062723c751e8b465ee728b)  -> (artifact id: 'b2aa0095b4437e9157dbbc9cfe145c0b') in 0.025686 seconds
  Import took 0.031735 seconds .

========================================================================
Received Import Request.
  Time since last request: 0.000271 seconds.
  path: Assets/Mini Games/Programming Game/ProgrammingGameLoader.cs
  artifactKey: Guid(fe99c92d54e654148a1013515bd49d4e) Importer(815301076,1909f56bfc062723c751e8b465ee728b)
Start importing Assets/Mini Games/Programming Game/ProgrammingGameLoader.cs using Guid(fe99c92d54e654148a1013515bd49d4e) Importer(815301076,1909f56bfc062723c751e8b465ee728b)  -> (artifact id: '82d5d233ea59ab6f624b8d4001e8ea92') in 0.005032 seconds
  Import took 0.021383 seconds .

========================================================================
Received Prepare
Registering precompiled user dll's ...
Registered in 0.002967 seconds.
Begin MonoManager ReloadAssembly
Native extension for WindowsStandalone target not found
Native extension for WebGL target not found
Refreshing native plugins compatible for Editor in 0.76 ms, found 3 plugins.
Preloading 0 native plugins for Editor in 0.00 ms.
Mono: successfully reloaded assembly
- Completed reload, in  1.175 seconds
Platform modules already initialized, skipping
Refreshing native plugins compatible for Editor in 0.80 ms, found 3 plugins.
Preloading 0 native plugins for Editor in 0.00 ms.
Unloading 3359 Unused Serialized files (Serialized files now loaded: 0)
System memory in use before: 141.9 MB.
System memory in use after: 142.1 MB.

Unloading 16 unused Assets to reduce memory usage. Loaded Objects now: 3934.
Total: 3.453700 ms (FindLiveObjects: 0.393600 ms CreateObjectMapping: 0.103100 ms MarkObjects: 2.923800 ms  DeleteObjects: 0.031500 ms)

========================================================================
Received Import Request.
  Time since last request: 141.234672 seconds.
  path: Assets/Mini Games/Programming Game/GridProgram.cs
  artifactKey: Guid(cf910ae1478f7164bbd7c6e666bf3171) Importer(815301076,1909f56bfc062723c751e8b465ee728b)
Start importing Assets/Mini Games/Programming Game/GridProgram.cs using Guid(cf910ae1478f7164bbd7c6e666bf3171) Importer(815301076,1909f56bfc062723c751e8b465ee728b)  -> (artifact id: '050bff9990870bb71628afb80a6944c5') in 0.007892 seconds
  Import took 0.013724 seconds .

========================================================================
Received Prepare
Registering precompiled user dll's ...
Registered in 0.002802 seconds.
Begin MonoManager ReloadAssembly
Native extension for WindowsStandalone target not found
Native extension for WebGL target not found
Refreshing native plugins compatible for Editor in 0.86 ms, found 3 plugins.
Preloading 0 native plugins for Editor in 0.00 ms.
Mono: successfully reloaded assembly
- Completed reload, in  1.188 seconds
Platform modules already initialized, skipping
Refreshing native plugins compatible for Editor in 0.77 ms, found 3 plugins.
Preloading 0 native plugins for Editor in 0.00 ms.
Unloading 3359 Unused Serialized files (Serialized files now loaded: 0)
System memory in use before: 142.0 MB.
System memory in use after: 142.2 MB.

Unloading 16 unused Assets to reduce memory usage. Loaded Objects now: 3936.
Total: 3.673300 ms (FindLiveObjects: 0.454400 ms CreateObjectMapping: 0.189100 ms MarkObjects: 3.004100 ms  DeleteObjects: 0.023600 ms)

========================================================================
Received Prepare
Registering precompiled user dll's ...
Registered in 0.002565 seconds.
Begin MonoManager ReloadAssembly
Native extension for WindowsStandalone target not found
Native extension for WebGL target not found
Refreshing native plugins compatible for Editor in 0.85 ms, found 3 plugins.
Preloading 0 native plugins for Editor in 0.00 ms.
Mono: successfully reloaded assembly
- Completed reload, in  1.203 seconds
Platform modules already initialized, skipping
Refreshing native plugins compatible for Editor in 0.86 ms, found 3 plugins.
Preloading 0 native plugins for Editor in 0.00 ms.
Unloading 3359 Unused Serialized files (Serialized files now loaded: 0)
System memory in use before: 142.0 MB.
System memory in use after: 142.2 MB.

Unloading 16 unused Assets to reduce memory usage. Loaded Objects now: 3938.
Total: 3.425700 ms (FindLiveObjects: 0.455200 ms CreateObjectMapping: 0.174500 ms MarkObjects: 2.771200 ms  DeleteObjects: 0.022200 ms)

========================================================================
Received Prepare
Registering precompiled user dll's ...
Registered in 0.003442 seconds.
Begin MonoManager ReloadAssembly
Native extension for WindowsStandalone target not found
Native extension for WebGL target not found
Refreshing native plugins compatible for Editor in 0.77 ms, found 3 plugins.
Preloading 0 native plugins for Editor in 0.00 ms.
Mono: successfully reloaded assembly
- Completed reload, in  1.146 seconds
Platform modules already initialized, skipping
Refreshing native plugins compatible for Editor in 0.84 ms, found 3 plugins.
Preloading 0 native plugins for Editor in 0.00 ms.
Unloading 3359 Unused Serialized files (Serialized files now loaded: 0)
System memory in use before: 142.0 MB.
System memory in use after: 142.2 MB.

Unloading 16 unused Assets to reduce memory usage. Loaded Objects now: 3940.
Total: 3.311000 ms (FindLiveObjects: 0.375700 ms CreateObjectMapping: 0.090800 ms MarkObjects: 2.820000 ms  DeleteObjects: 0.022500 ms)

========================================================================
Received Prepare
Registering precompiled user dll's ...
Registered in 0.002901 seconds.
Begin MonoManager ReloadAssembly
Native extension for WindowsStandalone target not found
Native extension for WebGL target not found
Refreshing native plugins compatible for Editor in 0.77 ms, found 3 plugins.
Preloading 0 native plugins for Editor in 0.00 ms.
Mono: successfully reloaded assembly
- Completed reload, in  1.154 seconds
Platform modules already initialized, skipping
Refreshing native plugins compatible for Editor in 0.77 ms, found 3 plugins.
Preloading 0 native plugins for Editor in 0.00 ms.
Unloading 3359 Unused Serialized files (Serialized files now loaded: 0)
System memory in use before: 142.0 MB.
System memory in use after: 142.3 MB.

Unloading 16 unused Assets to reduce memory usage. Loaded Objects now: 3942.
Total: 3.416100 ms (FindLiveObjects: 0.399500 ms CreateObjectMapping: 0.152300 ms MarkObjects: 2.838400 ms  DeleteObjects: 0.024200 ms)

========================================================================
Received Import Request.
  Time since last request: 3518.200165 seconds.
  path: Assets/Mini Games/Programming Game/Red Point.prefab
  artifactKey: Guid(14c117a0057b05946bb7d5d0b3bde1c0) Importer(815301076,1909f56bfc062723c751e8b465ee728b)
Start importing Assets/Mini Games/Programming Game/Red Point.prefab using Guid(14c117a0057b05946bb7d5d0b3bde1c0) Importer(815301076,1909f56bfc062723c751e8b465ee728b)  -> (artifact id: 'ff85284c6caa23866acdf69cb28efafa') in 0.215197 seconds
  Import took 0.221500 seconds .

========================================================================
Received Import Request.
  Time since last request: 1.582605 seconds.
  path: Assets/Mini Games/Programming Game/Red Host.prefab
  artifactKey: Guid(823dcbf8c3d57fa479cac07d93f6cc08) Importer(815301076,1909f56bfc062723c751e8b465ee728b)
Start importing Assets/Mini Games/Programming Game/Red Host.prefab using Guid(823dcbf8c3d57fa479cac07d93f6cc08) Importer(815301076,1909f56bfc062723c751e8b465ee728b)  -> (artifact id: '177824547eca6a2b89091bcf76cbd13a') in 0.011042 seconds
  Import took 0.017564 seconds .

========================================================================
Received Prepare
Registering precompiled user dll's ...
Registered in 0.002845 seconds.
Begin MonoManager ReloadAssembly
Native extension for WindowsStandalone target not found
Native extension for WebGL target not found
Refreshing native plugins compatible for Editor in 0.79 ms, found 3 plugins.
Preloading 0 native plugins for Editor in 0.00 ms.
Mono: successfully reloaded assembly
- Completed reload, in  1.230 seconds
Platform modules already initialized, skipping
Refreshing native plugins compatible for Editor in 0.78 ms, found 3 plugins.
Preloading 0 native plugins for Editor in 0.00 ms.
Unloading 3359 Unused Serialized files (Serialized files now loaded: 0)
System memory in use before: 147.0 MB.
System memory in use after: 147.3 MB.

Unloading 16 unused Assets to reduce memory usage. Loaded Objects now: 3989.
Total: 3.340500 ms (FindLiveObjects: 0.396700 ms CreateObjectMapping: 0.109300 ms MarkObjects: 2.805500 ms  DeleteObjects: 0.027100 ms)

========================================================================
Received Prepare
Registering precompiled user dll's ...
Registered in 0.002821 seconds.
Begin MonoManager ReloadAssembly
Native extension for WindowsStandalone target not found
Native extension for WebGL target not found
Refreshing native plugins compatible for Editor in 0.82 ms, found 3 plugins.
Preloading 0 native plugins for Editor in 0.00 ms.
Mono: successfully reloaded assembly
- Completed reload, in  1.202 seconds
Platform modules already initialized, skipping
Refreshing native plugins compatible for Editor in 0.77 ms, found 3 plugins.
Preloading 0 native plugins for Editor in 0.00 ms.
Unloading 3359 Unused Serialized files (Serialized files now loaded: 0)
System memory in use before: 147.0 MB.
System memory in use after: 147.3 MB.

Unloading 16 unused Assets to reduce memory usage. Loaded Objects now: 3991.
Total: 3.507300 ms (FindLiveObjects: 0.473500 ms CreateObjectMapping: 0.190200 ms MarkObjects: 2.815000 ms  DeleteObjects: 0.026300 ms)

========================================================================
Received Prepare
Registering precompiled user dll's ...
Registered in 0.004298 seconds.
Begin MonoManager ReloadAssembly
Native extension for WindowsStandalone target not found
Native extension for WebGL target not found
Refreshing native plugins compatible for Editor in 0.77 ms, found 3 plugins.
Preloading 0 native plugins for Editor in 0.00 ms.
Mono: successfully reloaded assembly
- Completed reload, in  1.165 seconds
Platform modules already initialized, skipping
Refreshing native plugins compatible for Editor in 0.78 ms, found 3 plugins.
Preloading 0 native plugins for Editor in 0.00 ms.
Unloading 3359 Unused Serialized files (Serialized files now loaded: 0)
System memory in use before: 147.0 MB.
System memory in use after: 147.3 MB.

Unloading 16 unused Assets to reduce memory usage. Loaded Objects now: 3993.
Total: 3.481400 ms (FindLiveObjects: 0.467800 ms CreateObjectMapping: 0.189200 ms MarkObjects: 2.797000 ms  DeleteObjects: 0.025600 ms)

========================================================================
Received Import Request.
  Time since last request: 170.519866 seconds.
  path: Assets/Mini Games/Programming Game/Red Point.prefab
  artifactKey: Guid(14c117a0057b05946bb7d5d0b3bde1c0) Importer(815301076,1909f56bfc062723c751e8b465ee728b)
Start importing Assets/Mini Games/Programming Game/Red Point.prefab using Guid(14c117a0057b05946bb7d5d0b3bde1c0) Importer(815301076,1909f56bfc062723c751e8b465ee728b)  -> (artifact id: 'cc9de7c732f362954ec1593f372d6145') in 0.152247 seconds
  Import took 0.158049 seconds .

========================================================================
Received Import Request.
  Time since last request: 0.011165 seconds.
  path: Assets/Mini Games/Programming Game/Red Point.prefab
  artifactKey: Guid(14c117a0057b05946bb7d5d0b3bde1c0) Importer(815301076,1909f56bfc062723c751e8b465ee728b)
Start importing Assets/Mini Games/Programming Game/Red Point.prefab using Guid(14c117a0057b05946bb7d5d0b3bde1c0) Importer(815301076,1909f56bfc062723c751e8b465ee728b)  -> (artifact id: 'cc9de7c732f362954ec1593f372d6145') in 0.009754 seconds
  Import took 0.015266 seconds .

========================================================================
Received Prepare
Registering precompiled user dll's ...
Registered in 0.002430 seconds.
Begin MonoManager ReloadAssembly
Native extension for WindowsStandalone target not found
Native extension for WebGL target not found
Refreshing native plugins compatible for Editor in 0.81 ms, found 3 plugins.
Preloading 0 native plugins for Editor in 0.00 ms.
Mono: successfully reloaded assembly
- Completed reload, in  1.149 seconds
Platform modules already initialized, skipping
Refreshing native plugins compatible for Editor in 0.76 ms, found 3 plugins.
Preloading 0 native plugins for Editor in 0.00 ms.
Unloading 3359 Unused Serialized files (Serialized files now loaded: 0)
System memory in use before: 147.2 MB.
System memory in use after: 147.4 MB.

Unloading 16 unused Assets to reduce memory usage. Loaded Objects now: 4031.
Total: 3.429400 ms (FindLiveObjects: 0.481600 ms CreateObjectMapping: 0.191000 ms MarkObjects: 2.731800 ms  DeleteObjects: 0.023300 ms)

========================================================================
Received Prepare
Registering precompiled user dll's ...
Registered in 0.002336 seconds.
Begin MonoManager ReloadAssembly
Native extension for WindowsStandalone target not found
Native extension for WebGL target not found
Refreshing native plugins compatible for Editor in 0.82 ms, found 3 plugins.
Preloading 0 native plugins for Editor in 0.00 ms.
Mono: successfully reloaded assembly
- Completed reload, in  1.183 seconds
Platform modules already initialized, skipping
Refreshing native plugins compatible for Editor in 0.79 ms, found 3 plugins.
Preloading 0 native plugins for Editor in 0.00 ms.
Unloading 3359 Unused Serialized files (Serialized files now loaded: 0)
System memory in use before: 147.2 MB.
System memory in use after: 147.4 MB.

Unloading 16 unused Assets to reduce memory usage. Loaded Objects now: 4033.
Total: 4.249100 ms (FindLiveObjects: 0.442500 ms CreateObjectMapping: 0.142900 ms MarkObjects: 3.633100 ms  DeleteObjects: 0.028600 ms)

========================================================================
Received Prepare
Registering precompiled user dll's ...
Registered in 0.002878 seconds.
Begin MonoManager ReloadAssembly
Native extension for WindowsStandalone target not found
Native extension for WebGL target not found
Refreshing native plugins compatible for Editor in 0.78 ms, found 3 plugins.
Preloading 0 native plugins for Editor in 0.00 ms.
Mono: successfully reloaded assembly
- Completed reload, in  1.166 seconds
Platform modules already initialized, skipping
Refreshing native plugins compatible for Editor in 0.76 ms, found 3 plugins.
Preloading 0 native plugins for Editor in 0.00 ms.
Unloading 3359 Unused Serialized files (Serialized files now loaded: 0)
System memory in use before: 147.2 MB.
System memory in use after: 147.4 MB.

Unloading 16 unused Assets to reduce memory usage. Loaded Objects now: 4035.
Total: 3.573900 ms (FindLiveObjects: 0.498500 ms CreateObjectMapping: 0.191700 ms MarkObjects: 2.858300 ms  DeleteObjects: 0.023000 ms)

========================================================================
Received Prepare
Registering precompiled user dll's ...
Registered in 0.002345 seconds.
Begin MonoManager ReloadAssembly
Native extension for WindowsStandalone target not found
Native extension for WebGL target not found
Refreshing native plugins compatible for Editor in 0.78 ms, found 3 plugins.
Preloading 0 native plugins for Editor in 0.00 ms.
Mono: successfully reloaded assembly
- Completed reload, in  1.133 seconds
Platform modules already initialized, skipping
Refreshing native plugins compatible for Editor in 0.76 ms, found 3 plugins.
Preloading 0 native plugins for Editor in 0.00 ms.
Unloading 3359 Unused Serialized files (Serialized files now loaded: 0)
System memory in use before: 147.2 MB.
System memory in use after: 147.4 MB.

Unloading 16 unused Assets to reduce memory usage. Loaded Objects now: 4037.
Total: 4.428600 ms (FindLiveObjects: 0.503600 ms CreateObjectMapping: 0.236300 ms MarkObjects: 3.663200 ms  DeleteObjects: 0.023100 ms)

========================================================================
Received Prepare
Registering precompiled user dll's ...
Registered in 0.002853 seconds.
Begin MonoManager ReloadAssembly
Native extension for WindowsStandalone target not found
Native extension for WebGL target not found
Refreshing native plugins compatible for Editor in 1.19 ms, found 3 plugins.
Preloading 0 native plugins for Editor in 0.00 ms.
Mono: successfully reloaded assembly
- Completed reload, in  1.153 seconds
Platform modules already initialized, skipping
Refreshing native plugins compatible for Editor in 0.76 ms, found 3 plugins.
Preloading 0 native plugins for Editor in 0.00 ms.
Unloading 3359 Unused Serialized files (Serialized files now loaded: 0)
System memory in use before: 147.2 MB.
System memory in use after: 147.4 MB.

Unloading 16 unused Assets to reduce memory usage. Loaded Objects now: 4039.
Total: 3.529600 ms (FindLiveObjects: 0.453100 ms CreateObjectMapping: 0.119100 ms MarkObjects: 2.930400 ms  DeleteObjects: 0.025000 ms)

========================================================================
Received Prepare
Registering precompiled user dll's ...
Registered in 0.002907 seconds.
Begin MonoManager ReloadAssembly
Native extension for WindowsStandalone target not found
Native extension for WebGL target not found
Refreshing native plugins compatible for Editor in 0.79 ms, found 3 plugins.
Preloading 0 native plugins for Editor in 0.00 ms.
Mono: successfully reloaded assembly
- Completed reload, in  1.167 seconds
Platform modules already initialized, skipping
Refreshing native plugins compatible for Editor in 0.76 ms, found 3 plugins.
Preloading 0 native plugins for Editor in 0.00 ms.
Unloading 3359 Unused Serialized files (Serialized files now loaded: 0)
System memory in use before: 147.2 MB.
System memory in use after: 147.4 MB.

Unloading 16 unused Assets to reduce memory usage. Loaded Objects now: 4041.
Total: 3.836700 ms (FindLiveObjects: 0.456500 ms CreateObjectMapping: 0.188100 ms MarkObjects: 3.159200 ms  DeleteObjects: 0.030500 ms)

========================================================================
Received Prepare
Registering precompiled user dll's ...
Registered in 0.002818 seconds.
Begin MonoManager ReloadAssembly
Native extension for WindowsStandalone target not found
Native extension for WebGL target not found
Refreshing native plugins compatible for Editor in 0.78 ms, found 3 plugins.
Preloading 0 native plugins for Editor in 0.00 ms.
Mono: successfully reloaded assembly
- Completed reload, in  1.172 seconds
Platform modules already initialized, skipping
Refreshing native plugins compatible for Editor in 0.77 ms, found 3 plugins.
Preloading 0 native plugins for Editor in 0.00 ms.
Unloading 3359 Unused Serialized files (Serialized files now loaded: 0)
System memory in use before: 147.2 MB.
System memory in use after: 147.4 MB.

Unloading 16 unused Assets to reduce memory usage. Loaded Objects now: 4043.
Total: 3.655700 ms (FindLiveObjects: 0.449200 ms CreateObjectMapping: 0.118500 ms MarkObjects: 3.046100 ms  DeleteObjects: 0.039400 ms)

========================================================================
Received Prepare
Registering precompiled user dll's ...
Registered in 0.002812 seconds.
Begin MonoManager ReloadAssembly
Native extension for WindowsStandalone target not found
Native extension for WebGL target not found
Refreshing native plugins compatible for Editor in 0.81 ms, found 3 plugins.
Preloading 0 native plugins for Editor in 0.00 ms.
Mono: successfully reloaded assembly
- Completed reload, in  1.188 seconds
Platform modules already initialized, skipping
Refreshing native plugins compatible for Editor in 0.78 ms, found 3 plugins.
Preloading 0 native plugins for Editor in 0.00 ms.
Unloading 3359 Unused Serialized files (Serialized files now loaded: 0)
System memory in use before: 147.2 MB.
System memory in use after: 147.5 MB.

Unloading 16 unused Assets to reduce memory usage. Loaded Objects now: 4045.
Total: 4.503100 ms (FindLiveObjects: 0.455900 ms CreateObjectMapping: 0.177300 ms MarkObjects: 3.829700 ms  DeleteObjects: 0.037900 ms)

========================================================================
Received Prepare
Registering precompiled user dll's ...
Registered in 0.002917 seconds.
Begin MonoManager ReloadAssembly
Native extension for WindowsStandalone target not found
Native extension for WebGL target not found
Refreshing native plugins compatible for Editor in 0.76 ms, found 3 plugins.
Preloading 0 native plugins for Editor in 0.00 ms.
Mono: successfully reloaded assembly
- Completed reload, in  1.206 seconds
Platform modules already initialized, skipping
Refreshing native plugins compatible for Editor in 0.80 ms, found 3 plugins.
Preloading 0 native plugins for Editor in 0.00 ms.
Unloading 3359 Unused Serialized files (Serialized files now loaded: 0)
System memory in use before: 147.2 MB.
System memory in use after: 147.5 MB.

Unloading 16 unused Assets to reduce memory usage. Loaded Objects now: 4047.
Total: 3.565600 ms (FindLiveObjects: 0.442900 ms CreateObjectMapping: 0.238400 ms MarkObjects: 2.858700 ms  DeleteObjects: 0.023900 ms)

========================================================================
Received Prepare
Registering precompiled user dll's ...
Registered in 0.003208 seconds.
Begin MonoManager ReloadAssembly
Native extension for WindowsStandalone target not found
Native extension for WebGL target not found
Refreshing native plugins compatible for Editor in 0.77 ms, found 3 plugins.
Preloading 0 native plugins for Editor in 0.00 ms.
Mono: successfully reloaded assembly
- Completed reload, in  1.223 seconds
Platform modules already initialized, skipping
Refreshing native plugins compatible for Editor in 0.81 ms, found 3 plugins.
Preloading 0 native plugins for Editor in 0.00 ms.
Unloading 3359 Unused Serialized files (Serialized files now loaded: 0)
System memory in use before: 147.2 MB.
System memory in use after: 147.5 MB.

Unloading 16 unused Assets to reduce memory usage. Loaded Objects now: 4049.
Total: 3.225600 ms (FindLiveObjects: 0.374700 ms CreateObjectMapping: 0.103300 ms MarkObjects: 2.722000 ms  DeleteObjects: 0.023900 ms)

========================================================================
Received Prepare
Registering precompiled user dll's ...
Registered in 0.002481 seconds.
Begin MonoManager ReloadAssembly
Native extension for WindowsStandalone target not found
Native extension for WebGL target not found
Refreshing native plugins compatible for Editor in 0.77 ms, found 3 plugins.
Preloading 0 native plugins for Editor in 0.00 ms.
Mono: successfully reloaded assembly
- Completed reload, in  1.147 seconds
Platform modules already initialized, skipping
Refreshing native plugins compatible for Editor in 0.91 ms, found 3 plugins.
Preloading 0 native plugins for Editor in 0.00 ms.
Unloading 3359 Unused Serialized files (Serialized files now loaded: 0)
System memory in use before: 147.2 MB.
System memory in use after: 147.5 MB.

Unloading 16 unused Assets to reduce memory usage. Loaded Objects now: 4051.
Total: 3.265900 ms (FindLiveObjects: 0.427800 ms CreateObjectMapping: 0.118400 ms MarkObjects: 2.696900 ms  DeleteObjects: 0.021600 ms)

========================================================================
Received Prepare
Registering precompiled user dll's ...
Registered in 0.002795 seconds.
Begin MonoManager ReloadAssembly
Native extension for WindowsStandalone target not found
Native extension for WebGL target not found
Refreshing native plugins compatible for Editor in 0.77 ms, found 3 plugins.
Preloading 0 native plugins for Editor in 0.00 ms.
Mono: successfully reloaded assembly
- Completed reload, in  1.159 seconds
Platform modules already initialized, skipping
Refreshing native plugins compatible for Editor in 0.77 ms, found 3 plugins.
Preloading 0 native plugins for Editor in 0.00 ms.
Unloading 3359 Unused Serialized files (Serialized files now loaded: 0)
System memory in use before: 147.3 MB.
System memory in use after: 147.5 MB.

Unloading 16 unused Assets to reduce memory usage. Loaded Objects now: 4053.
Total: 3.627200 ms (FindLiveObjects: 0.459400 ms CreateObjectMapping: 0.297800 ms MarkObjects: 2.844800 ms  DeleteObjects: 0.023100 ms)

========================================================================
Received Prepare
Registering precompiled user dll's ...
Registered in 0.002864 seconds.
Begin MonoManager ReloadAssembly
Native extension for WindowsStandalone target not found
Native extension for WebGL target not found
Refreshing native plugins compatible for Editor in 0.91 ms, found 3 plugins.
Preloading 0 native plugins for Editor in 0.00 ms.
Mono: successfully reloaded assembly
- Completed reload, in  1.185 seconds
Platform modules already initialized, skipping
Refreshing native plugins compatible for Editor in 0.76 ms, found 3 plugins.
Preloading 0 native plugins for Editor in 0.00 ms.
Unloading 3359 Unused Serialized files (Serialized files now loaded: 0)
System memory in use before: 147.3 MB.
System memory in use after: 147.5 MB.

Unloading 16 unused Assets to reduce memory usage. Loaded Objects now: 4055.
Total: 3.618600 ms (FindLiveObjects: 0.423400 ms CreateObjectMapping: 0.199000 ms MarkObjects: 2.967100 ms  DeleteObjects: 0.026700 ms)

========================================================================
Received Prepare
Registering precompiled user dll's ...
Registered in 0.002853 seconds.
Begin MonoManager ReloadAssembly
Native extension for WindowsStandalone target not found
Native extension for WebGL target not found
Refreshing native plugins compatible for Editor in 0.79 ms, found 3 plugins.
Preloading 0 native plugins for Editor in 0.00 ms.
Mono: successfully reloaded assembly
- Completed reload, in  1.229 seconds
Platform modules already initialized, skipping
Refreshing native plugins compatible for Editor in 0.80 ms, found 3 plugins.
Preloading 0 native plugins for Editor in 0.00 ms.
Unloading 3359 Unused Serialized files (Serialized files now loaded: 0)
System memory in use before: 147.3 MB.
System memory in use after: 147.5 MB.

Unloading 16 unused Assets to reduce memory usage. Loaded Objects now: 4057.
Total: 3.465600 ms (FindLiveObjects: 0.411200 ms CreateObjectMapping: 0.182700 ms MarkObjects: 2.840600 ms  DeleteObjects: 0.028700 ms)

========================================================================
Received Prepare
Registering precompiled user dll's ...
Registered in 0.002831 seconds.
Begin MonoManager ReloadAssembly
Native extension for WindowsStandalone target not found
Native extension for WebGL target not found
Refreshing native plugins compatible for Editor in 0.80 ms, found 3 plugins.
Preloading 0 native plugins for Editor in 0.00 ms.
Mono: successfully reloaded assembly
- Completed reload, in  1.166 seconds
Platform modules already initialized, skipping
Refreshing native plugins compatible for Editor in 0.80 ms, found 3 plugins.
Preloading 0 native plugins for Editor in 0.00 ms.
Unloading 3359 Unused Serialized files (Serialized files now loaded: 0)
System memory in use before: 147.3 MB.
System memory in use after: 147.5 MB.

Unloading 16 unused Assets to reduce memory usage. Loaded Objects now: 4059.
Total: 3.398200 ms (FindLiveObjects: 0.448100 ms CreateObjectMapping: 0.106600 ms MarkObjects: 2.815900 ms  DeleteObjects: 0.025200 ms)

========================================================================
Received Prepare
Registering precompiled user dll's ...
Registered in 0.003086 seconds.
Begin MonoManager ReloadAssembly
Native extension for WindowsStandalone target not found
Native extension for WebGL target not found
Refreshing native plugins compatible for Editor in 0.83 ms, found 3 plugins.
Preloading 0 native plugins for Editor in 0.00 ms.
Mono: successfully reloaded assembly
- Completed reload, in  1.168 seconds
Platform modules already initialized, skipping
Refreshing native plugins compatible for Editor in 0.77 ms, found 3 plugins.
Preloading 0 native plugins for Editor in 0.00 ms.
Unloading 3359 Unused Serialized files (Serialized files now loaded: 0)
System memory in use before: 147.3 MB.
System memory in use after: 147.5 MB.

Unloading 16 unused Assets to reduce memory usage. Loaded Objects now: 4061.
Total: 3.460500 ms (FindLiveObjects: 0.378500 ms CreateObjectMapping: 0.159800 ms MarkObjects: 2.897000 ms  DeleteObjects: 0.023600 ms)

========================================================================
Received Prepare
Registering precompiled user dll's ...
Registered in 0.002776 seconds.
Begin MonoManager ReloadAssembly
Native extension for WindowsStandalone target not found
Native extension for WebGL target not found
Refreshing native plugins compatible for Editor in 0.83 ms, found 3 plugins.
Preloading 0 native plugins for Editor in 0.00 ms.
Mono: successfully reloaded assembly
- Completed reload, in  1.212 seconds
Platform modules already initialized, skipping
Refreshing native plugins compatible for Editor in 0.85 ms, found 3 plugins.
Preloading 0 native plugins for Editor in 0.00 ms.
Unloading 3359 Unused Serialized files (Serialized files now loaded: 0)
System memory in use before: 147.3 MB.
System memory in use after: 147.5 MB.

Unloading 16 unused Assets to reduce memory usage. Loaded Objects now: 4063.
Total: 3.796300 ms (FindLiveObjects: 0.485900 ms CreateObjectMapping: 0.273500 ms MarkObjects: 3.010000 ms  DeleteObjects: 0.024600 ms)

========================================================================
Received Prepare
Registering precompiled user dll's ...
Registered in 0.002870 seconds.
Begin MonoManager ReloadAssembly
Native extension for WindowsStandalone target not found
Native extension for WebGL target not found
Refreshing native plugins compatible for Editor in 0.80 ms, found 3 plugins.
Preloading 0 native plugins for Editor in 0.00 ms.
Mono: successfully reloaded assembly
- Completed reload, in  1.148 seconds
Platform modules already initialized, skipping
Refreshing native plugins compatible for Editor in 0.76 ms, found 3 plugins.
Preloading 0 native plugins for Editor in 0.00 ms.
Unloading 3359 Unused Serialized files (Serialized files now loaded: 0)
System memory in use before: 147.3 MB.
System memory in use after: 147.5 MB.

Unloading 16 unused Assets to reduce memory usage. Loaded Objects now: 4065.
Total: 3.500400 ms (FindLiveObjects: 0.494900 ms CreateObjectMapping: 0.204500 ms MarkObjects: 2.775500 ms  DeleteObjects: 0.023200 ms)

========================================================================
Received Prepare
Registering precompiled user dll's ...
Registered in 0.002864 seconds.
Begin MonoManager ReloadAssembly
Native extension for WindowsStandalone target not found
Native extension for WebGL target not found
Refreshing native plugins compatible for Editor in 0.76 ms, found 3 plugins.
Preloading 0 native plugins for Editor in 0.00 ms.
Mono: successfully reloaded assembly
- Completed reload, in  1.203 seconds
Platform modules already initialized, skipping
Refreshing native plugins compatible for Editor in 0.76 ms, found 3 plugins.
Preloading 0 native plugins for Editor in 0.00 ms.
Unloading 3359 Unused Serialized files (Serialized files now loaded: 0)
System memory in use before: 147.3 MB.
System memory in use after: 147.5 MB.

Unloading 16 unused Assets to reduce memory usage. Loaded Objects now: 4067.
Total: 3.389800 ms (FindLiveObjects: 0.492400 ms CreateObjectMapping: 0.181600 ms MarkObjects: 2.689900 ms  DeleteObjects: 0.023200 ms)

========================================================================
Received Prepare
Registering precompiled user dll's ...
Registered in 0.002898 seconds.
Begin MonoManager ReloadAssembly
Native extension for WindowsStandalone target not found
Native extension for WebGL target not found
Refreshing native plugins compatible for Editor in 0.77 ms, found 3 plugins.
Preloading 0 native plugins for Editor in 0.00 ms.
Mono: successfully reloaded assembly
- Completed reload, in  1.159 seconds
Platform modules already initialized, skipping
Refreshing native plugins compatible for Editor in 0.89 ms, found 3 plugins.
Preloading 0 native plugins for Editor in 0.00 ms.
Unloading 3359 Unused Serialized files (Serialized files now loaded: 0)
System memory in use before: 147.3 MB.
System memory in use after: 147.6 MB.

Unloading 16 unused Assets to reduce memory usage. Loaded Objects now: 4069.
Total: 3.719000 ms (FindLiveObjects: 0.363000 ms CreateObjectMapping: 0.090700 ms MarkObjects: 3.240700 ms  DeleteObjects: 0.023000 ms)

========================================================================
Received Prepare
Registering precompiled user dll's ...
Registered in 0.002864 seconds.
Begin MonoManager ReloadAssembly
Native extension for WindowsStandalone target not found
Native extension for WebGL target not found
Refreshing native plugins compatible for Editor in 1.26 ms, found 3 plugins.
Preloading 0 native plugins for Editor in 0.00 ms.
Mono: successfully reloaded assembly
- Completed reload, in  1.364 seconds
Platform modules already initialized, skipping
Refreshing native plugins compatible for Editor in 1.12 ms, found 3 plugins.
Preloading 0 native plugins for Editor in 0.00 ms.
Unloading 3359 Unused Serialized files (Serialized files now loaded: 0)
System memory in use before: 147.3 MB.
System memory in use after: 147.6 MB.

Unloading 16 unused Assets to reduce memory usage. Loaded Objects now: 4071.
Total: 4.250300 ms (FindLiveObjects: 0.428500 ms CreateObjectMapping: 0.180200 ms MarkObjects: 3.611900 ms  DeleteObjects: 0.025000 ms)

========================================================================
Received Prepare
Registering precompiled user dll's ...
Registered in 0.002854 seconds.
Begin MonoManager ReloadAssembly
Native extension for WindowsStandalone target not found
Native extension for WebGL target not found
Refreshing native plugins compatible for Editor in 0.79 ms, found 3 plugins.
Preloading 0 native plugins for Editor in 0.00 ms.
Mono: successfully reloaded assembly
- Completed reload, in  1.181 seconds
Platform modules already initialized, skipping
Refreshing native plugins compatible for Editor in 0.76 ms, found 3 plugins.
Preloading 0 native plugins for Editor in 0.00 ms.
Unloading 3359 Unused Serialized files (Serialized files now loaded: 0)
System memory in use before: 147.3 MB.
System memory in use after: 147.6 MB.

Unloading 16 unused Assets to reduce memory usage. Loaded Objects now: 4073.
Total: 3.702400 ms (FindLiveObjects: 0.486400 ms CreateObjectMapping: 0.179000 ms MarkObjects: 3.011600 ms  DeleteObjects: 0.023000 ms)

========================================================================
Received Prepare
Registering precompiled user dll's ...
Registered in 0.002936 seconds.
Begin MonoManager ReloadAssembly
Native extension for WindowsStandalone target not found
Native extension for WebGL target not found
Refreshing native plugins compatible for Editor in 0.84 ms, found 3 plugins.
Preloading 0 native plugins for Editor in 0.00 ms.
Mono: successfully reloaded assembly
- Completed reload, in  1.156 seconds
Platform modules already initialized, skipping
Refreshing native plugins compatible for Editor in 0.76 ms, found 3 plugins.
Preloading 0 native plugins for Editor in 0.00 ms.
Unloading 3359 Unused Serialized files (Serialized files now loaded: 0)
System memory in use before: 147.3 MB.
System memory in use after: 147.6 MB.

Unloading 16 unused Assets to reduce memory usage. Loaded Objects now: 4075.
Total: 3.270400 ms (FindLiveObjects: 0.356300 ms CreateObjectMapping: 0.100400 ms MarkObjects: 2.788100 ms  DeleteObjects: 0.024100 ms)

========================================================================
Received Import Request.
  Time since last request: 3851.305257 seconds.
  path: Assets/Scenes/Home.unity
  artifactKey: Guid(86e89bd9e4a9c5245a015cf17e3c0aae) Importer(815301076,1909f56bfc062723c751e8b465ee728b)
Start importing Assets/Scenes/Home.unity using Guid(86e89bd9e4a9c5245a015cf17e3c0aae) Importer(815301076,1909f56bfc062723c751e8b465ee728b)  -> (artifact id: 'cfd8550254c970b0c46f063236833e9d') in 0.019719 seconds
  Import took 0.038612 seconds .

========================================================================
Received Prepare
Registering precompiled user dll's ...
Registered in 0.002803 seconds.
Begin MonoManager ReloadAssembly
Native extension for WindowsStandalone target not found
Native extension for WebGL target not found
Refreshing native plugins compatible for Editor in 0.82 ms, found 3 plugins.
Preloading 0 native plugins for Editor in 0.00 ms.
Mono: successfully reloaded assembly
- Completed reload, in  1.207 seconds
Platform modules already initialized, skipping
Refreshing native plugins compatible for Editor in 0.80 ms, found 3 plugins.
Preloading 0 native plugins for Editor in 0.00 ms.
Unloading 3359 Unused Serialized files (Serialized files now loaded: 0)
System memory in use before: 147.4 MB.
System memory in use after: 147.6 MB.

Unloading 16 unused Assets to reduce memory usage. Loaded Objects now: 4077.
Total: 3.501600 ms (FindLiveObjects: 0.460500 ms CreateObjectMapping: 0.193700 ms MarkObjects: 2.819700 ms  DeleteObjects: 0.024900 ms)

========================================================================
Received Prepare
Registering precompiled user dll's ...
Registered in 0.002957 seconds.
Begin MonoManager ReloadAssembly
Native extension for WindowsStandalone target not found
Native extension for WebGL target not found
Refreshing native plugins compatible for Editor in 0.79 ms, found 3 plugins.
Preloading 0 native plugins for Editor in 0.00 ms.
Mono: successfully reloaded assembly
- Completed reload, in  1.289 seconds
Platform modules already initialized, skipping
Refreshing native plugins compatible for Editor in 0.78 ms, found 3 plugins.
Preloading 0 native plugins for Editor in 0.00 ms.
Unloading 3359 Unused Serialized files (Serialized files now loaded: 0)
System memory in use before: 147.4 MB.
System memory in use after: 147.6 MB.

Unloading 16 unused Assets to reduce memory usage. Loaded Objects now: 4079.
Total: 3.607900 ms (FindLiveObjects: 0.368700 ms CreateObjectMapping: 0.171600 ms MarkObjects: 3.041500 ms  DeleteObjects: 0.023700 ms)

========================================================================
Received Import Request.
  Time since last request: 480.233329 seconds.
  path: Assets/Spites/Stol_s_kompyuterom.png
  artifactKey: Guid(dd837dab1e54ac2438338ef29629d928) Importer(815301076,1909f56bfc062723c751e8b465ee728b)
Start importing Assets/Spites/Stol_s_kompyuterom.png using Guid(dd837dab1e54ac2438338ef29629d928) Importer(815301076,1909f56bfc062723c751e8b465ee728b)  -> (artifact id: 'a8e4e87809b48b1e25ec6494e4a30513') in 0.072774 seconds
  Import took 0.079266 seconds .

========================================================================
Received Import Request.
  Time since last request: 92.423778 seconds.
  path: Assets/Spites/Stol_s_kompyuterom.png
  artifactKey: Guid(dd837dab1e54ac2438338ef29629d928) Importer(815301076,1909f56bfc062723c751e8b465ee728b)
Start importing Assets/Spites/Stol_s_kompyuterom.png using Guid(dd837dab1e54ac2438338ef29629d928) Importer(815301076,1909f56bfc062723c751e8b465ee728b)  -> (artifact id: 'f09ff18b8ac05a2da3a0cabc6614693e') in 0.010266 seconds
  Import took 0.016097 seconds .

========================================================================
Received Prepare
Registering precompiled user dll's ...
Registered in 0.002844 seconds.
Begin MonoManager ReloadAssembly
Native extension for WindowsStandalone target not found
Native extension for WebGL target not found
Refreshing native plugins compatible for Editor in 0.82 ms, found 3 plugins.
Preloading 0 native plugins for Editor in 0.00 ms.
Mono: successfully reloaded assembly
- Completed reload, in  1.365 seconds
Platform modules already initialized, skipping
Refreshing native plugins compatible for Editor in 1.51 ms, found 3 plugins.
Preloading 0 native plugins for Editor in 0.00 ms.
Unloading 3359 Unused Serialized files (Serialized files now loaded: 0)
System memory in use before: 147.4 MB.
System memory in use after: 147.6 MB.

Unloading 16 unused Assets to reduce memory usage. Loaded Objects now: 4085.
Total: 5.428700 ms (FindLiveObjects: 1.422300 ms CreateObjectMapping: 0.482900 ms MarkObjects: 3.495400 ms  DeleteObjects: 0.025500 ms)

========================================================================
Received Prepare
Registering precompiled user dll's ...
Registered in 0.002864 seconds.
Begin MonoManager ReloadAssembly
Native extension for WindowsStandalone target not found
Native extension for WebGL target not found
Refreshing native plugins compatible for Editor in 0.79 ms, found 3 plugins.
Preloading 0 native plugins for Editor in 0.00 ms.
Mono: successfully reloaded assembly
- Completed reload, in  1.189 seconds
Platform modules already initialized, skipping
Refreshing native plugins compatible for Editor in 0.82 ms, found 3 plugins.
Preloading 0 native plugins for Editor in 0.00 ms.
Unloading 3359 Unused Serialized files (Serialized files now loaded: 0)
System memory in use before: 147.4 MB.
System memory in use after: 147.6 MB.

Unloading 16 unused Assets to reduce memory usage. Loaded Objects now: 4087.
Total: 3.988300 ms (FindLiveObjects: 0.630000 ms CreateObjectMapping: 0.092300 ms MarkObjects: 3.236200 ms  DeleteObjects: 0.026800 ms)

========================================================================
Received Prepare
Registering precompiled user dll's ...
Registered in 0.002871 seconds.
Begin MonoManager ReloadAssembly
Native extension for WindowsStandalone target not found
Native extension for WebGL target not found
Refreshing native plugins compatible for Editor in 0.79 ms, found 3 plugins.
Preloading 0 native plugins for Editor in 0.00 ms.
Mono: successfully reloaded assembly
- Completed reload, in  1.169 seconds
Platform modules already initialized, skipping
Refreshing native plugins compatible for Editor in 0.82 ms, found 3 plugins.
Preloading 0 native plugins for Editor in 0.00 ms.
Unloading 3359 Unused Serialized files (Serialized files now loaded: 0)
System memory in use before: 147.4 MB.
System memory in use after: 147.6 MB.

Unloading 16 unused Assets to reduce memory usage. Loaded Objects now: 4089.
Total: 3.488200 ms (FindLiveObjects: 0.451100 ms CreateObjectMapping: 0.176600 ms MarkObjects: 2.833300 ms  DeleteObjects: 0.025300 ms)

========================================================================
Received Import Request.
  Time since last request: 791.277127 seconds.
  path: Assets/Scripts/ScenesManager.cs
  artifactKey: Guid(b55747543557e1e4f8e5da2c9153a4fa) Importer(815301076,1909f56bfc062723c751e8b465ee728b)
Start importing Assets/Scripts/ScenesManager.cs using Guid(b55747543557e1e4f8e5da2c9153a4fa) Importer(815301076,1909f56bfc062723c751e8b465ee728b)  -> (artifact id: '7191ffe7e17139ec931c75ee4313751f') in 0.021614 seconds
  Import took 0.027773 seconds .

========================================================================
Received Prepare
Registering precompiled user dll's ...
Registered in 0.002768 seconds.
Begin MonoManager ReloadAssembly
Native extension for WindowsStandalone target not found
Native extension for WebGL target not found
Refreshing native plugins compatible for Editor in 0.78 ms, found 3 plugins.
Preloading 0 native plugins for Editor in 0.00 ms.
Mono: successfully reloaded assembly
- Completed reload, in  1.211 seconds
Platform modules already initialized, skipping
Refreshing native plugins compatible for Editor in 0.76 ms, found 3 plugins.
Preloading 0 native plugins for Editor in 0.00 ms.
Unloading 3360 Unused Serialized files (Serialized files now loaded: 0)
System memory in use before: 147.4 MB.
System memory in use after: 147.7 MB.

Unloading 16 unused Assets to reduce memory usage. Loaded Objects now: 4092.
Total: 3.690900 ms (FindLiveObjects: 0.460200 ms CreateObjectMapping: 0.190500 ms MarkObjects: 3.010900 ms  DeleteObjects: 0.027000 ms)

========================================================================
Received Prepare
Registering precompiled user dll's ...
Registered in 0.002898 seconds.
Begin MonoManager ReloadAssembly
Native extension for WindowsStandalone target not found
Native extension for WebGL target not found
Refreshing native plugins compatible for Editor in 0.81 ms, found 3 plugins.
Preloading 0 native plugins for Editor in 0.00 ms.
Mono: successfully reloaded assembly
- Completed reload, in  1.187 seconds
Platform modules already initialized, skipping
Refreshing native plugins compatible for Editor in 0.81 ms, found 3 plugins.
Preloading 0 native plugins for Editor in 0.00 ms.
Unloading 3360 Unused Serialized files (Serialized files now loaded: 0)
System memory in use before: 147.5 MB.
System memory in use after: 147.7 MB.

Unloading 16 unused Assets to reduce memory usage. Loaded Objects now: 4094.
Total: 3.564500 ms (FindLiveObjects: 0.352700 ms CreateObjectMapping: 0.094700 ms MarkObjects: 3.091600 ms  DeleteObjects: 0.024000 ms)

========================================================================
Received Import Request.
  Time since last request: 255.738119 seconds.
  path: Assets/Scripts/ScenesManager.cs
  artifactKey: Guid(b55747543557e1e4f8e5da2c9153a4fa) Importer(815301076,1909f56bfc062723c751e8b465ee728b)
Start importing Assets/Scripts/ScenesManager.cs using Guid(b55747543557e1e4f8e5da2c9153a4fa) Importer(815301076,1909f56bfc062723c751e8b465ee728b)  -> (artifact id: '878410ce39cb4e6f2d28f3a3093633ed') in 0.008514 seconds
  Import took 0.014274 seconds .

========================================================================
Received Prepare
Registering precompiled user dll's ...
Registered in 0.005341 seconds.
Begin MonoManager ReloadAssembly
Native extension for WindowsStandalone target not found
Native extension for WebGL target not found
Refreshing native plugins compatible for Editor in 0.95 ms, found 3 plugins.
Preloading 0 native plugins for Editor in 0.00 ms.
Mono: successfully reloaded assembly
- Completed reload, in  1.194 seconds
Platform modules already initialized, skipping
Refreshing native plugins compatible for Editor in 0.77 ms, found 3 plugins.
Preloading 0 native plugins for Editor in 0.00 ms.
Unloading 3360 Unused Serialized files (Serialized files now loaded: 0)
System memory in use before: 147.5 MB.
System memory in use after: 147.7 MB.

Unloading 16 unused Assets to reduce memory usage. Loaded Objects now: 4096.
Total: 3.836200 ms (FindLiveObjects: 0.439900 ms CreateObjectMapping: 0.155200 ms MarkObjects: 3.216400 ms  DeleteObjects: 0.022400 ms)

========================================================================
Received Prepare
Registering precompiled user dll's ...
Registered in 0.003077 seconds.
Begin MonoManager ReloadAssembly
Native extension for WindowsStandalone target not found
Native extension for WebGL target not found
Refreshing native plugins compatible for Editor in 0.78 ms, found 3 plugins.
Preloading 0 native plugins for Editor in 0.00 ms.
Mono: successfully reloaded assembly
- Completed reload, in  1.206 seconds
Platform modules already initialized, skipping
Refreshing native plugins compatible for Editor in 0.78 ms, found 3 plugins.
Preloading 0 native plugins for Editor in 0.00 ms.
Unloading 3360 Unused Serialized files (Serialized files now loaded: 0)
System memory in use before: 147.5 MB.
System memory in use after: 147.7 MB.

Unloading 16 unused Assets to reduce memory usage. Loaded Objects now: 4098.
Total: 3.344500 ms (FindLiveObjects: 0.356400 ms CreateObjectMapping: 0.101200 ms MarkObjects: 2.862500 ms  DeleteObjects: 0.023000 ms)

========================================================================
Received Prepare
Registering precompiled user dll's ...
Registered in 0.002875 seconds.
Begin MonoManager ReloadAssembly
Native extension for WindowsStandalone target not found
Native extension for WebGL target not found
Refreshing native plugins compatible for Editor in 1.54 ms, found 3 plugins.
Preloading 0 native plugins for Editor in 0.00 ms.
Mono: successfully reloaded assembly
- Completed reload, in  1.408 seconds
Platform modules already initialized, skipping
Refreshing native plugins compatible for Editor in 0.79 ms, found 3 plugins.
Preloading 0 native plugins for Editor in 0.00 ms.
Unloading 3360 Unused Serialized files (Serialized files now loaded: 0)
System memory in use before: 147.6 MB.
System memory in use after: 147.8 MB.

Unloading 16 unused Assets to reduce memory usage. Loaded Objects now: 4100.
Total: 4.427000 ms (FindLiveObjects: 0.879200 ms CreateObjectMapping: 0.223300 ms MarkObjects: 3.301500 ms  DeleteObjects: 0.021200 ms)

========================================================================
Received Prepare
Registering precompiled user dll's ...
Registered in 0.002823 seconds.
Begin MonoManager ReloadAssembly
Native extension for WindowsStandalone target not found
Native extension for WebGL target not found
Refreshing native plugins compatible for Editor in 0.86 ms, found 3 plugins.
Preloading 0 native plugins for Editor in 0.00 ms.
Mono: successfully reloaded assembly
- Completed reload, in  1.178 seconds
Platform modules already initialized, skipping
Refreshing native plugins compatible for Editor in 0.80 ms, found 3 plugins.
Preloading 0 native plugins for Editor in 0.00 ms.
Unloading 3360 Unused Serialized files (Serialized files now loaded: 0)
System memory in use before: 147.6 MB.
System memory in use after: 147.8 MB.

Unloading 16 unused Assets to reduce memory usage. Loaded Objects now: 4102.
Total: 3.397000 ms (FindLiveObjects: 0.420500 ms CreateObjectMapping: 0.116300 ms MarkObjects: 2.834100 ms  DeleteObjects: 0.024300 ms)

========================================================================
Received Import Request.
  Time since last request: 850.417046 seconds.
  path: Assets/Scripts/PlayerOrder.cs
  artifactKey: Guid(16c937960a4eace4bb1712059529bf5d) Importer(815301076,1909f56bfc062723c751e8b465ee728b)
Start importing Assets/Scripts/PlayerOrder.cs using Guid(16c937960a4eace4bb1712059529bf5d) Importer(815301076,1909f56bfc062723c751e8b465ee728b)  -> (artifact id: '49942c8342d7fa3f4c1b428c7eeaa4f9') in 0.009401 seconds
  Import took 0.015835 seconds .

========================================================================
Received Import Request.
  Time since last request: 124.260619 seconds.
  path: Assets/Scripts/TurnOff.cs
  artifactKey: Guid(212f34fcf321d2247859aa7dd30a0396) Importer(815301076,1909f56bfc062723c751e8b465ee728b)
Start importing Assets/Scripts/TurnOff.cs using Guid(212f34fcf321d2247859aa7dd30a0396) Importer(815301076,1909f56bfc062723c751e8b465ee728b)  -> (artifact id: '540f33c80bcdb530f33307443d376f9e') in 0.003764 seconds
  Import took 0.009800 seconds .

========================================================================
Received Import Request.
  Time since last request: 2.799821 seconds.
  path: Assets/Scripts/TurnLight.cs
  artifactKey: Guid(025ca92767ff6bb4b9f0e435619d0d4c) Importer(815301076,1909f56bfc062723c751e8b465ee728b)
Start importing Assets/Scripts/TurnLight.cs using Guid(025ca92767ff6bb4b9f0e435619d0d4c) Importer(815301076,1909f56bfc062723c751e8b465ee728b)  -> (artifact id: '26c81d4aa7e9468f5d6ea9015d949b71') in 0.004915 seconds
  Import took 0.010937 seconds .

========================================================================
Received Import Request.
  Time since last request: 1.907839 seconds.
  path: Assets/Scripts/TimeUI.cs
  artifactKey: Guid(54503792c7b71f24080bf5e72884710a) Importer(815301076,1909f56bfc062723c751e8b465ee728b)
Start importing Assets/Scripts/TimeUI.cs using Guid(54503792c7b71f24080bf5e72884710a) Importer(815301076,1909f56bfc062723c751e8b465ee728b)  -> (artifact id: 'f47ad647b7b4862f1668a956a77620e9') in 0.004208 seconds
  Import took 0.009790 seconds .

========================================================================
Received Import Request.
  Time since last request: 81.160368 seconds.
  path: Assets/Scripts/TimeManager.cs
  artifactKey: Guid(b51bbbd4f86ba7f448eee84bf9cd46d0) Importer(815301076,1909f56bfc062723c751e8b465ee728b)
Start importing Assets/Scripts/TimeManager.cs using Guid(b51bbbd4f86ba7f448eee84bf9cd46d0) Importer(815301076,1909f56bfc062723c751e8b465ee728b)  -> (artifact id: '7dbf69da6ab054807480a4722614aa64') in 0.005251 seconds
  Import took 0.047533 seconds .

========================================================================
Received Import Request.
  Time since last request: 2.377445 seconds.
  path: Assets/Scripts/UI_Inventory.cs
  artifactKey: Guid(3b168e61c3297364c8683c125287acd9) Importer(815301076,1909f56bfc062723c751e8b465ee728b)
Start importing Assets/Scripts/UI_Inventory.cs using Guid(3b168e61c3297364c8683c125287acd9) Importer(815301076,1909f56bfc062723c751e8b465ee728b)  -> (artifact id: 'a88723da00d8d8dae43790540c1dabc8') in 0.004765 seconds
  Import took 0.011534 seconds .

========================================================================
Received Prepare
Registering precompiled user dll's ...
Registered in 0.002493 seconds.
Begin MonoManager ReloadAssembly
Native extension for WindowsStandalone target not found
Native extension for WebGL target not found
Refreshing native plugins compatible for Editor in 0.97 ms, found 3 plugins.
Preloading 0 native plugins for Editor in 0.00 ms.
Mono: successfully reloaded assembly
- Completed reload, in  1.173 seconds
Platform modules already initialized, skipping
Refreshing native plugins compatible for Editor in 0.80 ms, found 3 plugins.
Preloading 0 native plugins for Editor in 0.00 ms.
Unloading 3360 Unused Serialized files (Serialized files now loaded: 0)
System memory in use before: 147.6 MB.
System memory in use after: 147.8 MB.

Unloading 16 unused Assets to reduce memory usage. Loaded Objects now: 4104.
Total: 3.545700 ms (FindLiveObjects: 0.449100 ms CreateObjectMapping: 0.245300 ms MarkObjects: 2.823100 ms  DeleteObjects: 0.026200 ms)

========================================================================
Received Import Request.
  Time since last request: 86.283806 seconds.
  path: Assets/Scripts/EHint.cs
  artifactKey: Guid(6ff82125700234046a70540222b80fa4) Importer(815301076,1909f56bfc062723c751e8b465ee728b)
Start importing Assets/Scripts/EHint.cs using Guid(6ff82125700234046a70540222b80fa4) Importer(815301076,1909f56bfc062723c751e8b465ee728b)  -> (artifact id: '8610ab346c7264e37629afd33f2140f1') in 0.009442 seconds
  Import took 0.015701 seconds .

========================================================================
Received Prepare
Registering precompiled user dll's ...
Registered in 0.003132 seconds.
Begin MonoManager ReloadAssembly
Native extension for WindowsStandalone target not found
Native extension for WebGL target not found
Refreshing native plugins compatible for Editor in 0.78 ms, found 3 plugins.
Preloading 0 native plugins for Editor in 0.00 ms.
Mono: successfully reloaded assembly
- Completed reload, in  1.182 seconds
Platform modules already initialized, skipping
Refreshing native plugins compatible for Editor in 0.83 ms, found 3 plugins.
Preloading 0 native plugins for Editor in 0.00 ms.
Unloading 3361 Unused Serialized files (Serialized files now loaded: 0)
System memory in use before: 147.6 MB.
System memory in use after: 147.8 MB.

Unloading 16 unused Assets to reduce memory usage. Loaded Objects now: 4107.
Total: 3.697900 ms (FindLiveObjects: 0.394400 ms CreateObjectMapping: 0.091600 ms MarkObjects: 3.169000 ms  DeleteObjects: 0.040700 ms)

========================================================================
Received Import Request.
  Time since last request: 110.940253 seconds.
  path: Assets/Scripts/EHint.cs
  artifactKey: Guid(6ff82125700234046a70540222b80fa4) Importer(815301076,1909f56bfc062723c751e8b465ee728b)
Start importing Assets/Scripts/EHint.cs using Guid(6ff82125700234046a70540222b80fa4) Importer(815301076,1909f56bfc062723c751e8b465ee728b)  -> (artifact id: '2b76f69fe3f2bf26a80b29383ace6909') in 0.009833 seconds
  Import took 0.026845 seconds .

========================================================================
Received Prepare
Registering precompiled user dll's ...
Registered in 0.003018 seconds.
Begin MonoManager ReloadAssembly
Native extension for WindowsStandalone target not found
Native extension for WebGL target not found
Refreshing native plugins compatible for Editor in 0.78 ms, found 3 plugins.
Preloading 0 native plugins for Editor in 0.00 ms.
Mono: successfully reloaded assembly
- Completed reload, in  1.189 seconds
Platform modules already initialized, skipping
Refreshing native plugins compatible for Editor in 0.77 ms, found 3 plugins.
Preloading 0 native plugins for Editor in 0.00 ms.
Unloading 3361 Unused Serialized files (Serialized files now loaded: 0)
System memory in use before: 147.6 MB.
System memory in use after: 147.8 MB.

Unloading 16 unused Assets to reduce memory usage. Loaded Objects now: 4109.
Total: 3.834900 ms (FindLiveObjects: 0.365600 ms CreateObjectMapping: 0.106400 ms MarkObjects: 3.337100 ms  DeleteObjects: 0.024000 ms)

========================================================================
Received Import Request.
  Time since last request: 73.881294 seconds.
  path: Assets/Scripts/EHint.cs
  artifactKey: Guid(6ff82125700234046a70540222b80fa4) Importer(815301076,1909f56bfc062723c751e8b465ee728b)
Start importing Assets/Scripts/EHint.cs using Guid(6ff82125700234046a70540222b80fa4) Importer(815301076,1909f56bfc062723c751e8b465ee728b)  -> (artifact id: '4ee669e299e440c345671a61792acebb') in 0.009037 seconds
  Import took 0.014395 seconds .

========================================================================
Received Import Request.
  Time since last request: 2.844250 seconds.
  path: Assets/Prefabs/Cat.prefab
  artifactKey: Guid(540b3f43001ecdd4d81a261f5a883251) Importer(815301076,1909f56bfc062723c751e8b465ee728b)
Start importing Assets/Prefabs/Cat.prefab using Guid(540b3f43001ecdd4d81a261f5a883251) Importer(815301076,1909f56bfc062723c751e8b465ee728b)  -> (artifact id: '3fa1b386b693a03ace1966219c4a9427') in 0.176211 seconds
  Import took 0.182232 seconds .

========================================================================
Received Prepare
Registering precompiled user dll's ...
Registered in 0.002893 seconds.
Begin MonoManager ReloadAssembly
Native extension for WindowsStandalone target not found
Native extension for WebGL target not found
Refreshing native plugins compatible for Editor in 0.80 ms, found 3 plugins.
Preloading 0 native plugins for Editor in 0.00 ms.
Mono: successfully reloaded assembly
- Completed reload, in  1.211 seconds
Platform modules already initialized, skipping
Refreshing native plugins compatible for Editor in 1.08 ms, found 3 plugins.
Preloading 0 native plugins for Editor in 0.00 ms.
Unloading 3361 Unused Serialized files (Serialized files now loaded: 0)
System memory in use before: 147.7 MB.
System memory in use after: 148.0 MB.

Unloading 16 unused Assets to reduce memory usage. Loaded Objects now: 4147.
Total: 3.294700 ms (FindLiveObjects: 0.396900 ms CreateObjectMapping: 0.175200 ms MarkObjects: 2.698100 ms  DeleteObjects: 0.022600 ms)

========================================================================
Received Prepare
Registering precompiled user dll's ...
Registered in 0.002983 seconds.
Begin MonoManager ReloadAssembly
Native extension for WindowsStandalone target not found
Native extension for WebGL target not found
Refreshing native plugins compatible for Editor in 0.78 ms, found 3 plugins.
Preloading 0 native plugins for Editor in 0.00 ms.
Mono: successfully reloaded assembly
- Completed reload, in  1.195 seconds
Platform modules already initialized, skipping
Refreshing native plugins compatible for Editor in 1.15 ms, found 3 plugins.
Preloading 0 native plugins for Editor in 0.00 ms.
Unloading 3361 Unused Serialized files (Serialized files now loaded: 0)
System memory in use before: 147.7 MB.
System memory in use after: 148.0 MB.

Unloading 16 unused Assets to reduce memory usage. Loaded Objects now: 4149.
Total: 3.817900 ms (FindLiveObjects: 0.449600 ms CreateObjectMapping: 0.199600 ms MarkObjects: 3.124600 ms  DeleteObjects: 0.041400 ms)

========================================================================
Received Import Request.
  Time since last request: 500.122505 seconds.
  path: Assets/Scripts/EHint.cs
  artifactKey: Guid(6ff82125700234046a70540222b80fa4) Importer(815301076,1909f56bfc062723c751e8b465ee728b)
Start importing Assets/Scripts/EHint.cs using Guid(6ff82125700234046a70540222b80fa4) Importer(815301076,1909f56bfc062723c751e8b465ee728b)  -> (artifact id: 'aacfc51b12e2c3741eae7ae516c2fd88') in 0.009393 seconds
  Import took 0.026165 seconds .

========================================================================
Received Prepare
Registering precompiled user dll's ...
Registered in 0.002934 seconds.
Begin MonoManager ReloadAssembly
Native extension for WindowsStandalone target not found
Native extension for WebGL target not found
Refreshing native plugins compatible for Editor in 0.80 ms, found 3 plugins.
Preloading 0 native plugins for Editor in 0.00 ms.
Mono: successfully reloaded assembly
- Completed reload, in  1.203 seconds
Platform modules already initialized, skipping
Refreshing native plugins compatible for Editor in 0.77 ms, found 3 plugins.
Preloading 0 native plugins for Editor in 0.00 ms.
Unloading 3361 Unused Serialized files (Serialized files now loaded: 0)
System memory in use before: 147.7 MB.
System memory in use after: 148.0 MB.

Unloading 16 unused Assets to reduce memory usage. Loaded Objects now: 4151.
Total: 4.246100 ms (FindLiveObjects: 0.430300 ms CreateObjectMapping: 0.179100 ms MarkObjects: 3.610400 ms  DeleteObjects: 0.024500 ms)

========================================================================
Received Prepare
Registering precompiled user dll's ...
Registered in 0.002850 seconds.
Begin MonoManager ReloadAssembly
Native extension for WindowsStandalone target not found
Native extension for WebGL target not found
Refreshing native plugins compatible for Editor in 1.26 ms, found 3 plugins.
Preloading 0 native plugins for Editor in 0.00 ms.
Mono: successfully reloaded assembly
- Completed reload, in  1.420 seconds
Platform modules already initialized, skipping
Refreshing native plugins compatible for Editor in 1.39 ms, found 3 plugins.
Preloading 0 native plugins for Editor in 0.00 ms.
Unloading 3361 Unused Serialized files (Serialized files now loaded: 0)
System memory in use before: 147.8 MB.
System memory in use after: 148.0 MB.

Unloading 16 unused Assets to reduce memory usage. Loaded Objects now: 4153.
Total: 4.469600 ms (FindLiveObjects: 0.495200 ms CreateObjectMapping: 0.145600 ms MarkObjects: 3.808000 ms  DeleteObjects: 0.019600 ms)

========================================================================
Received Import Request.
  Time since last request: 127.815779 seconds.
  path: Assets/Prefabs/E hint.prefab
  artifactKey: Guid(1e83e7b66297f694cb0ed3842b4eedee) Importer(815301076,1909f56bfc062723c751e8b465ee728b)
Start importing Assets/Prefabs/E hint.prefab using Guid(1e83e7b66297f694cb0ed3842b4eedee) Importer(815301076,1909f56bfc062723c751e8b465ee728b)  -> (artifact id: 'b93560bb6c5cfcfedd951c13b20eec65') in 0.164138 seconds
  Import took 0.170590 seconds .

========================================================================
Received Import Request.
  Time since last request: 81.233082 seconds.
  path: Assets/Prefabs/Cat.prefab
  artifactKey: Guid(540b3f43001ecdd4d81a261f5a883251) Importer(815301076,1909f56bfc062723c751e8b465ee728b)
Start importing Assets/Prefabs/Cat.prefab using Guid(540b3f43001ecdd4d81a261f5a883251) Importer(815301076,1909f56bfc062723c751e8b465ee728b)  -> (artifact id: '2077e229715c811fdec47bdcc2517077') in 0.019948 seconds
  Import took 0.026478 seconds .

========================================================================
Received Import Request.
  Time since last request: 4.808178 seconds.
  path: Assets/Prefabs/Cat.prefab
  artifactKey: Guid(540b3f43001ecdd4d81a261f5a883251) Importer(815301076,1909f56bfc062723c751e8b465ee728b)
Start importing Assets/Prefabs/Cat.prefab using Guid(540b3f43001ecdd4d81a261f5a883251) Importer(815301076,1909f56bfc062723c751e8b465ee728b)  -> (artifact id: '11dbd9178cca7b1172edb3a6b6e3c755') in 0.017517 seconds
  Import took 0.024270 seconds .

========================================================================
Received Import Request.
  Time since last request: 2.822448 seconds.
  path: Assets/Prefabs/Cat.prefab
  artifactKey: Guid(540b3f43001ecdd4d81a261f5a883251) Importer(815301076,1909f56bfc062723c751e8b465ee728b)
Start importing Assets/Prefabs/Cat.prefab using Guid(540b3f43001ecdd4d81a261f5a883251) Importer(815301076,1909f56bfc062723c751e8b465ee728b)  -> (artifact id: 'bc1fb3f5f199a22bb5e822276dc5bf8d') in 0.019567 seconds
  Import took 0.027209 seconds .

========================================================================
Received Import Request.
  Time since last request: 1.783643 seconds.
  path: Assets/Prefabs/Cat.prefab
  artifactKey: Guid(540b3f43001ecdd4d81a261f5a883251) Importer(815301076,1909f56bfc062723c751e8b465ee728b)
Start importing Assets/Prefabs/Cat.prefab using Guid(540b3f43001ecdd4d81a261f5a883251) Importer(815301076,1909f56bfc062723c751e8b465ee728b)  -> (artifact id: 'dc846ad60b8d5ca7735691792ed150a4') in 0.013050 seconds
  Import took 0.019176 seconds .

========================================================================
Received Import Request.
  Time since last request: 1.191097 seconds.
  path: Assets/Prefabs/Cat.prefab
  artifactKey: Guid(540b3f43001ecdd4d81a261f5a883251) Importer(815301076,1909f56bfc062723c751e8b465ee728b)
Start importing Assets/Prefabs/Cat.prefab using Guid(540b3f43001ecdd4d81a261f5a883251) Importer(815301076,1909f56bfc062723c751e8b465ee728b)  -> (artifact id: '5e4cd0d00e755e732cbfbabcea757a61') in 0.012825 seconds
  Import took 0.019744 seconds .

========================================================================
Received Import Request.
  Time since last request: 1.196508 seconds.
  path: Assets/Prefabs/Cat.prefab
  artifactKey: Guid(540b3f43001ecdd4d81a261f5a883251) Importer(815301076,1909f56bfc062723c751e8b465ee728b)
Start importing Assets/Prefabs/Cat.prefab using Guid(540b3f43001ecdd4d81a261f5a883251) Importer(815301076,1909f56bfc062723c751e8b465ee728b)  -> (artifact id: '6e15226b9d9c42dcc5d310873efc01d2') in 0.013134 seconds
  Import took 0.020273 seconds .

========================================================================
Received Import Request.
  Time since last request: 5.257085 seconds.
  path: Assets/Prefabs/Cat.prefab
  artifactKey: Guid(540b3f43001ecdd4d81a261f5a883251) Importer(815301076,1909f56bfc062723c751e8b465ee728b)
Start importing Assets/Prefabs/Cat.prefab using Guid(540b3f43001ecdd4d81a261f5a883251) Importer(815301076,1909f56bfc062723c751e8b465ee728b)  -> (artifact id: '67a3c55ba124fa6e6c6e85bb27318115') in 0.013409 seconds
  Import took 0.019884 seconds .

========================================================================
Received Import Request.
  Time since last request: 2.280859 seconds.
  path: Assets/Prefabs/Cat.prefab
  artifactKey: Guid(540b3f43001ecdd4d81a261f5a883251) Importer(815301076,1909f56bfc062723c751e8b465ee728b)
Start importing Assets/Prefabs/Cat.prefab using Guid(540b3f43001ecdd4d81a261f5a883251) Importer(815301076,1909f56bfc062723c751e8b465ee728b)  -> (artifact id: '814bbe5bf3744300589be3b3785d192a') in 0.012341 seconds
  Import took 0.018600 seconds .

========================================================================
Received Prepare
Registering precompiled user dll's ...
Registered in 0.003073 seconds.
Begin MonoManager ReloadAssembly
Native extension for WindowsStandalone target not found
Native extension for WebGL target not found
Refreshing native plugins compatible for Editor in 0.82 ms, found 3 plugins.
Preloading 0 native plugins for Editor in 0.00 ms.
Mono: successfully reloaded assembly
- Completed reload, in  1.222 seconds
Platform modules already initialized, skipping
Refreshing native plugins compatible for Editor in 0.78 ms, found 3 plugins.
Preloading 0 native plugins for Editor in 0.00 ms.
Unloading 3361 Unused Serialized files (Serialized files now loaded: 0)
System memory in use before: 147.9 MB.
System memory in use after: 148.2 MB.

Unloading 16 unused Assets to reduce memory usage. Loaded Objects now: 4191.
Total: 3.745700 ms (FindLiveObjects: 0.459700 ms CreateObjectMapping: 0.175800 ms MarkObjects: 3.085300 ms  DeleteObjects: 0.023000 ms)

========================================================================
Received Prepare
Registering precompiled user dll's ...
Registered in 0.002840 seconds.
Begin MonoManager ReloadAssembly
Native extension for WindowsStandalone target not found
Native extension for WebGL target not found
Refreshing native plugins compatible for Editor in 0.84 ms, found 3 plugins.
Preloading 0 native plugins for Editor in 0.00 ms.
Mono: successfully reloaded assembly
- Completed reload, in  1.235 seconds
Platform modules already initialized, skipping
Refreshing native plugins compatible for Editor in 1.21 ms, found 3 plugins.
Preloading 0 native plugins for Editor in 0.00 ms.
Unloading 3361 Unused Serialized files (Serialized files now loaded: 0)
System memory in use before: 147.9 MB.
System memory in use after: 148.2 MB.

Unloading 16 unused Assets to reduce memory usage. Loaded Objects now: 4193.
Total: 3.503800 ms (FindLiveObjects: 0.463200 ms CreateObjectMapping: 0.142500 ms MarkObjects: 2.872200 ms  DeleteObjects: 0.023900 ms)

========================================================================
Received Prepare
Registering precompiled user dll's ...
Registered in 0.002371 seconds.
Begin MonoManager ReloadAssembly
Native extension for WindowsStandalone target not found
Native extension for WebGL target not found
Refreshing native plugins compatible for Editor in 0.77 ms, found 3 plugins.
Preloading 0 native plugins for Editor in 0.00 ms.
Mono: successfully reloaded assembly
- Completed reload, in  1.162 seconds
Platform modules already initialized, skipping
Refreshing native plugins compatible for Editor in 0.78 ms, found 3 plugins.
Preloading 0 native plugins for Editor in 0.00 ms.
Unloading 3361 Unused Serialized files (Serialized files now loaded: 0)
System memory in use before: 148.0 MB.
System memory in use after: 148.2 MB.

Unloading 16 unused Assets to reduce memory usage. Loaded Objects now: 4195.
Total: 3.502800 ms (FindLiveObjects: 0.481300 ms CreateObjectMapping: 0.109600 ms MarkObjects: 2.884200 ms  DeleteObjects: 0.025600 ms)

========================================================================
Received Prepare
Registering precompiled user dll's ...
Registered in 0.002742 seconds.
Begin MonoManager ReloadAssembly
Native extension for WindowsStandalone target not found
Native extension for WebGL target not found
Refreshing native plugins compatible for Editor in 0.82 ms, found 3 plugins.
Preloading 0 native plugins for Editor in 0.00 ms.
Mono: successfully reloaded assembly
- Completed reload, in  1.199 seconds
Platform modules already initialized, skipping
Refreshing native plugins compatible for Editor in 0.76 ms, found 3 plugins.
Preloading 0 native plugins for Editor in 0.00 ms.
Unloading 3361 Unused Serialized files (Serialized files now loaded: 0)
System memory in use before: 148.0 MB.
System memory in use after: 148.2 MB.

Unloading 16 unused Assets to reduce memory usage. Loaded Objects now: 4197.
Total: 3.752300 ms (FindLiveObjects: 0.597600 ms CreateObjectMapping: 0.240800 ms MarkObjects: 2.886800 ms  DeleteObjects: 0.025100 ms)

========================================================================
Received Prepare
Registering precompiled user dll's ...
Registered in 0.003191 seconds.
Begin MonoManager ReloadAssembly
Native extension for WindowsStandalone target not found
Native extension for WebGL target not found
Refreshing native plugins compatible for Editor in 1.68 ms, found 3 plugins.
Preloading 0 native plugins for Editor in 0.00 ms.
Mono: successfully reloaded assembly
- Completed reload, in  1.267 seconds
Platform modules already initialized, skipping
Refreshing native plugins compatible for Editor in 0.81 ms, found 3 plugins.
Preloading 0 native plugins for Editor in 0.00 ms.
Unloading 3361 Unused Serialized files (Serialized files now loaded: 0)
System memory in use before: 148.0 MB.
System memory in use after: 148.2 MB.

Unloading 16 unused Assets to reduce memory usage. Loaded Objects now: 4199.
Total: 3.528900 ms (FindLiveObjects: 0.513000 ms CreateObjectMapping: 0.129300 ms MarkObjects: 2.858300 ms  DeleteObjects: 0.026300 ms)

========================================================================
Received Prepare
Registering precompiled user dll's ...
Registered in 0.002823 seconds.
Begin MonoManager ReloadAssembly
Native extension for WindowsStandalone target not found
Native extension for WebGL target not found
Refreshing native plugins compatible for Editor in 0.81 ms, found 3 plugins.
Preloading 0 native plugins for Editor in 0.00 ms.
Mono: successfully reloaded assembly
- Completed reload, in  1.254 seconds
Platform modules already initialized, skipping
Refreshing native plugins compatible for Editor in 0.81 ms, found 3 plugins.
Preloading 0 native plugins for Editor in 0.00 ms.
Unloading 3361 Unused Serialized files (Serialized files now loaded: 0)
System memory in use before: 148.0 MB.
System memory in use after: 148.2 MB.

Unloading 16 unused Assets to reduce memory usage. Loaded Objects now: 4201.
Total: 3.372300 ms (FindLiveObjects: 0.393900 ms CreateObjectMapping: 0.099600 ms MarkObjects: 2.853000 ms  DeleteObjects: 0.024000 ms)

========================================================================
Received Prepare
Registering precompiled user dll's ...
Registered in 0.002478 seconds.
Begin MonoManager ReloadAssembly
Native extension for WindowsStandalone target not found
Native extension for WebGL target not found
Refreshing native plugins compatible for Editor in 0.77 ms, found 3 plugins.
Preloading 0 native plugins for Editor in 0.00 ms.
Mono: successfully reloaded assembly
- Completed reload, in  1.209 seconds
Platform modules already initialized, skipping
Refreshing native plugins compatible for Editor in 0.77 ms, found 3 plugins.
Preloading 0 native plugins for Editor in 0.00 ms.
Unloading 3361 Unused Serialized files (Serialized files now loaded: 0)
System memory in use before: 148.0 MB.
System memory in use after: 148.2 MB.

Unloading 16 unused Assets to reduce memory usage. Loaded Objects now: 4203.
Total: 3.683100 ms (FindLiveObjects: 0.477100 ms CreateObjectMapping: 0.196800 ms MarkObjects: 2.980400 ms  DeleteObjects: 0.026700 ms)

========================================================================
Received Prepare
Registering precompiled user dll's ...
Registered in 0.002817 seconds.
Begin MonoManager ReloadAssembly
Native extension for WindowsStandalone target not found
Native extension for WebGL target not found
Refreshing native plugins compatible for Editor in 0.81 ms, found 3 plugins.
Preloading 0 native plugins for Editor in 0.00 ms.
Mono: successfully reloaded assembly
- Completed reload, in  1.221 seconds
Platform modules already initialized, skipping
Refreshing native plugins compatible for Editor in 0.80 ms, found 3 plugins.
Preloading 0 native plugins for Editor in 0.00 ms.
Unloading 3361 Unused Serialized files (Serialized files now loaded: 0)
System memory in use before: 148.0 MB.
System memory in use after: 148.2 MB.

Unloading 16 unused Assets to reduce memory usage. Loaded Objects now: 4205.
Total: 3.693500 ms (FindLiveObjects: 0.381900 ms CreateObjectMapping: 0.095700 ms MarkObjects: 3.192700 ms  DeleteObjects: 0.022000 ms)

AssetImportWorkerClient::OnTransportError - code=2 error=End of file
